生成启动时间为 2022/9/14 21:19:34。
     1>项目“F:\Straw-Model-2022-09-14\Particle\particle1.5\particle1.5.vcxproj”在节点 2 上(Rebuild 个目标)。
     1>ClCompile:
         D:\Program Files (x86)\Microsoft Visual Studio 11.0\VC\bin\x86_amd64\CL.exe /c /IF:\EDEM2021\EDEM\EDEM2021\EDEM2021\src\Api\Core /IF:\EDEM2021\EDEM\EDEM2021\EDEM2021\src\Api\Factories /IF:\EDEM2021\EDEM\EDEM2021\EDEM2021\src\Misc /Zi /nologo /W3 /WX- /O2 /Oi /GL /D CODE_ANALYSIS /D WIN32 /D NDEBUG /D _WINDOWS /D _USRDLL /D PARTICLE15_EXPORTS /D _WINDLL /D _UNICODE /D UNICODE /Gm- /EHsc /MD /GS /Gy /fp:precise /Zc:wchar_t /Zc:forScope /Fo"x64\Release\\" /Fd"x64\Release\vc110.pdb" /Gd /TP /analyze /analyze:log "x64\Release\CSnooker.cpp.nativecodeanalysis.xml" /analyze:plugin..\localespc.dll /errorReport:prompt   /analyze:quiet CSnooker.cpp
         CSnooker.cpp
     1>CSnooker.cpp(77): warning C4996: 'strcpy': This function or variable may be unsafe. Consider using strcpy_s instead. To disable deprecation, use _CRT_SECURE_NO_WARNINGS. See online help for details.
                 D:\Program Files (x86)\Microsoft Visual Studio 11.0\VC\include\string.h(110) : 参见“strcpy”的声明
     1>CSnooker.cpp(97): warning C4996: 'strcpy': This function or variable may be unsafe. Consider using strcpy_s instead. To disable deprecation, use _CRT_SECURE_NO_WARNINGS. See online help for details.
                 D:\Program Files (x86)\Microsoft Visual Studio 11.0\VC\include\string.h(110) : 参见“strcpy”的声明
         D:\Program Files (x86)\Microsoft Visual Studio 11.0\VC\bin\x86_amd64\CL.exe /c /IF:\EDEM2021\EDEM\EDEM2021\EDEM2021\src\Api\Core /IF:\EDEM2021\EDEM\EDEM2021\EDEM2021\src\Api\Factories /IF:\EDEM2021\EDEM\EDEM2021\EDEM2021\src\Misc /Zi /nologo /W3 /WX- /O2 /Oi /GL /D CODE_ANALYSIS /D WIN32 /D NDEBUG /D _WINDOWS /D _USRDLL /D PARTICLE15_EXPORTS /D _WINDLL /D _UNICODE /D UNICODE /Gm- /EHsc /MD /GS /Gy /fp:precise /Zc:wchar_t /Zc:forScope /Fo"x64\Release\\" /Fd"x64\Release\vc110.pdb" /Gd /TP /analyze /analyze:log "x64\Release\Snooker.cpp.nativecodeanalysis.xml" /analyze:plugin..\localespc.dll /errorReport:prompt   /analyze:quiet Snooker.cpp
         Snooker.cpp
       Link:
         D:\Program Files (x86)\Microsoft Visual Studio 11.0\VC\bin\x86_amd64\link.exe /ERRORREPORT:PROMPT /OUT:"F:\Straw-Model-2022-09-14\Particle\particle1.5\x64\Release\particle1.5.dll" /INCREMENTAL:NO /NOLOGO kernel32.lib user32.lib gdi32.lib winspool.lib comdlg32.lib advapi32.lib shell32.lib ole32.lib oleaut32.lib uuid.lib odbc32.lib odbccp32.lib /MANIFEST /MANIFESTUAC:"level='asInvoker' uiAccess='false'" /manifest:embed /DEBUG /PDB:"F:\Straw-Model-2022-09-14\Particle\particle1.5\x64\Release\particle1.5.pdb" /SUBSYSTEM:WINDOWS /OPT:REF /OPT:ICF /LTCG /TLBID:1 /DYNAMICBASE /NXCOMPAT /IMPLIB:"F:\Straw-Model-2022-09-14\Particle\particle1.5\x64\Release\particle1.5.lib" /MACHINE:X64 /DLL x64\Release\CSnooker.obj
         x64\Release\Snooker.obj
            正在创建库 F:\Straw-Model-2022-09-14\Particle\particle1.5\x64\Release\particle1.5.lib 和对象 F:\Straw-Model-2022-09-14\Particle\particle1.5\x64\Release\particle1.5.exp
         正在生成代码
         已完成代码的生成
         particle1.5.vcxproj -> F:\Straw-Model-2022-09-14\Particle\particle1.5\x64\Release\particle1.5.dll
     1>已完成生成项目“F:\Straw-Model-2022-09-14\Particle\particle1.5\particle1.5.vcxproj”(Rebuild 个目标)的操作。

生成成功。

已用时间 00:00:07.90
